2024-05-09 23:54:46,384 TRACE [main] o.s.b.web.servlet.ServletContextInitializerBeans  Added existing Filter initializer bean 'securityFilterChainRegistration'; order=-100, resource=class path resource [org/springframework/boot/autoconfigure/security/servlet/SecurityFilterAutoConfiguration.class]
2024-05-09 23:54:46,388 TRACE [main] o.s.b.web.servlet.ServletContextInitializerBeans  Added existing Servlet initializer bean 'dispatcherServletRegistration'; order=2147483647, resource=class path resource [org/springframework/boot/autoconfigure/web/servlet/DispatcherServletAutoConfiguration$DispatcherServletRegistrationConfiguration.class]
2024-05-09 23:54:46,414 TRACE [main] o.s.b.web.servlet.ServletContextInitializerBeans  Created Filter initializer for bean 'characterEncodingFilter'; order=-2147483648, resource=class path resource [org/springframework/boot/autoconfigure/web/servlet/HttpEncodingAutoConfiguration.class]
2024-05-09 23:54:46,415 TRACE [main] o.s.b.web.servlet.ServletContextInitializerBeans  Created Filter initializer for bean 'formContentFilter'; order=-9900, resource=class path resource [org/springframework/boot/autoconfigure/web/servlet/WebMvcAutoConfiguration.class]
2024-05-09 23:54:46,415 TRACE [main] o.s.b.web.servlet.ServletContextInitializerBeans  Created Filter initializer for bean 'requestContextFilter'; order=-105, resource=class path resource [org/springframework/boot/autoconfigure/web/servlet/WebMvcAutoConfiguration$WebMvcAutoConfigurationAdapter.class]
2024-05-09 23:54:46,415 TRACE [main] o.s.b.web.servlet.ServletContextInitializerBeans  Created Filter initializer for bean 'jwtAuthenticationFilter'; order=2147483647, resource=file [C:\Users\user\Documents\IdeaProjects\homemate\build\classes\java\main\divacademy\homemate\filter\JwtAuthenticationFilter.class]
2024-05-09 23:54:46,420 DEBUG [main] o.s.b.web.servlet.ServletContextInitializerBeans  Mapping filters: springSecurityFilterChain urls=[/*] order=-100, characterEncodingFilter urls=[/*] order=-2147483648, formContentFilter urls=[/*] order=-9900, requestContextFilter urls=[/*] order=-105, jwtAuthenticationFilter urls=[/*] order=2147483647
2024-05-09 23:54:46,420 DEBUG [main] o.s.b.web.servlet.ServletContextInitializerBeans  Mapping servlets: dispatcherServlet urls=[/]
2024-05-09 23:54:51,497 TRACE [main] o.s.w.s.m.m.a.RequestMappingHandlerMapping  
	d.h.c.AdminController:
	{POST [/api/v1/admins]}: create(UserRequest)
	{POST [/api/v1/admins/subscription-type]}: createSubsType(SubscriptionTypeRequest)
	{POST [/api/v1/admins/role]}: createRole(RoleRequest)
	{PUT [/api/v1/admins/role/{id}]}: updateRole(long,RoleRequest)
	{POST [/api/v1/admins/genders]}: createGender(GenderRequest)
	{GET [/api/v1/admins/subscription-type]}: getAllSubsType()
	{PATCH [/api/v1/admins/change-role]}: changeRoleByUserId(long,long)
	{GET [/api/v1/admins/genders]}: getAllGender()
2024-05-09 23:54:51,503 TRACE [main] o.s.w.s.m.m.a.RequestMappingHandlerMapping  
	d.h.c.AdvertController:
	{GET [/api/v1/adverts/property-type]}: getProperties()
	{POST [/api/v1/adverts]}: create(AdvertRequest)
	{GET [/api/v1/adverts]}: getAll(Double,Double,Long,Long,Long,int,int)
	{GET [/api/v1/adverts/connection/{advertId}]}: getConnection(long)
	{GET [/api/v1/adverts/{id}]}: getById(long)
	{POST [/api/v1/adverts/property-type]}: createPropertyType(AdvertPropertyTypeRequest)
	{POST [/api/v1/adverts/building-types]}: createBuildingType(BuildingTypeRequest)
	{POST [/api/v1/adverts/advert-type]}: createAdvertType(AdvertTypeRequest)
	{GET [/api/v1/adverts/advert-type]}: getAllAdvertType()
	{DELETE [/api/v1/adverts/{id}]}: deleteAdvert(long)
	{GET [/api/v1/adverts/building-types]}: getAllBuildingType()
2024-05-09 23:54:51,505 TRACE [main] o.s.w.s.m.m.a.RequestMappingHandlerMapping  
	d.h.c.AuthenticationController:
	{GET [/api/v1/auth]}: tokenByRefreshToken(String)
	{POST [/api/v1/auth]}: login(LoginRequest)
	{GET [/api/v1/auth/oauth-login]}: login(HttpServletRequest)
2024-05-09 23:54:51,506 TRACE [main] o.s.w.s.m.m.a.RequestMappingHandlerMapping  
	d.h.c.FileController:
	{GET [/api/v1/files/download/{fileName}]}: download(String)
	{POST [/api/v1/files/{advertId}]}: uploadFile(MultipartFile,Long)
	{GET [/api/v1/files/{id}]}: getFilesByAdvertId(Long)
2024-05-09 23:54:51,508 TRACE [main] o.s.w.s.m.m.a.RequestMappingHandlerMapping  
	d.h.c.UserController:
	{POST [/api/v1/users]}: register(UserRequest)
	{POST [/api/v1/users/reset-password-confirm]}: forgotPasswordConfirm(String,PasswordRequest)
	{DELETE [/api/v1/users/{id}]}: deleteUserById(long)
	{GET [/api/v1/users/confirmation]}: confirm(String)
	{GET [/api/v1/users/forgot-password]}: forgotPassword(String)
	{POST [/api/v1/users/details]}: setUserDetails(UserDetailRequest)
	{GET [/api/v1/users]}: getAllUser(int,int)
	{GET [/api/v1/users/{id}]}: getUserById(long)
	{POST [/api/v1/users/subs-confirm/{subs-id}]}: confirmSubs(long,CardRequest)
	{POST [/api/v1/users/change-password]}: changePassword(PasswordRequest)
	{POST [/api/v1/users/subs]}: createSubscription(SubsRequest)
2024-05-09 23:54:51,510 TRACE [main] o.s.w.s.m.m.a.RequestMappingHandlerMapping  
	o.s.b.a.w.s.e.BasicErrorController:
	{ [/error]}: error(HttpServletRequest)
	{ [/error], produces [text/html]}: errorHtml(HttpServletRequest,HttpServletResponse)
2024-05-09 23:54:51,522 TRACE [main] o.s.w.s.m.m.a.RequestMappingHandlerMapping  
	o.s.w.a.OpenApiWebMvcResource:
	{GET [/v3/api-docs.yaml], produces [application/vnd.oai.openapi]}: openapiYaml(HttpServletRequest,String,Locale)
	{GET [/v3/api-docs], produces [application/json]}: openapiJson(HttpServletRequest,String,Locale)
2024-05-09 23:54:51,523 TRACE [main] o.s.w.s.m.m.a.RequestMappingHandlerMapping  
	o.s.w.u.SwaggerWelcomeWebMvc:
	{GET [/swagger-ui.html]}: redirectToUi(HttpServletRequest)
2024-05-09 23:54:51,524 TRACE [main] o.s.w.s.m.m.a.RequestMappingHandlerMapping  
	o.s.w.u.SwaggerConfigResource:
	{GET [/v3/api-docs/swagger-config], produces [application/json]}: openapiJson(HttpServletRequest)
2024-05-09 23:54:51,526 DEBUG [main] o.s.w.s.m.m.a.RequestMappingHandlerMapping  42 mappings in 'requestMappingHandlerMapping'
2024-05-09 23:54:51,533 DEBUG [main] o.s.w.servlet.handler.BeanNameUrlHandlerMapping  Detected 0 mappings in 'beanNameHandlerMapping'
2024-05-09 23:54:51,610 TRACE [main] o.s.w.s.function.support.RouterFunctionMapping  0 RouterFunction(s) in 'routerFunctionMapping'
2024-05-09 23:54:51,624 TRACE [main] o.s.web.servlet.handler.SimpleUrlHandlerMapping  Mapped [/webjars/**] onto ResourceHttpRequestHandler [classpath [META-INF/resources/webjars/]]
2024-05-09 23:54:51,624 TRACE [main] o.s.web.servlet.handler.SimpleUrlHandlerMapping  Mapped [/**] onto ResourceHttpRequestHandler [classpath [META-INF/resources/], classpath [resources/], classpath [static/], classpath [public/], ServletContext [/]]
2024-05-09 23:54:51,625 TRACE [main] o.s.web.servlet.handler.SimpleUrlHandlerMapping  Mapped [/swagger-ui*/*swagger-initializer.js] onto ResourceHttpRequestHandler [classpath [META-INF/resources/webjars/]]
2024-05-09 23:54:51,625 TRACE [main] o.s.web.servlet.handler.SimpleUrlHandlerMapping  Mapped [/swagger-ui*/**] onto ResourceHttpRequestHandler [classpath [META-INF/resources/webjars/]]
2024-05-09 23:54:51,625 DEBUG [main] o.s.web.servlet.handler.SimpleUrlHandlerMapping  Patterns [/webjars/**, /**, /swagger-ui*/*swagger-initializer.js, /swagger-ui*/**] in 'resourceHandlerMapping'
2024-05-09 23:54:51,841 DEBUG [main] o.s.w.s.m.m.a.RequestMappingHandlerAdapter  ControllerAdvice beans: 0 @ModelAttribute, 0 @InitBinder, 1 RequestBodyAdvice, 1 ResponseBodyAdvice
2024-05-09 23:54:51,883 DEBUG [main] o.s.w.s.m.m.a.ExceptionHandlerExceptionResolver  ControllerAdvice beans: 2 @ExceptionHandler, 1 ResponseBodyAdvice
